[0.907s] Invoking command in '/home/abcd0315/ros2_ws/src/mypkg': CONDA_PROMPT_MODIFIER=(base) PYTHONPATH=/home/abcd0315/ros2_ws/src/mypkg/build/mypkg/prefix_override:/usr/lib/python3/dist-packages/colcon_core/task/python/colcon_distutils_commands:/home/abcd0315/ros2_ws/src/mypkg/install/mypkg/lib/python3.10/site-packages:${PYTHONPATH} /usr/bin/python3 -W ignore:setup.py install is deprecated -W ignore:easy_install command is deprecated setup.py egg_info --egg-base build/mypkg build --build-base /home/abcd0315/ros2_ws/src/mypkg/build/mypkg/build install --record /home/abcd0315/ros2_ws/src/mypkg/build/mypkg/install.log --single-version-externally-managed install_data
[1.177s] running egg_info
[1.178s] writing build/mypkg/mypkg.egg-info/PKG-INFO
[1.180s] writing dependency_links to build/mypkg/mypkg.egg-info/dependency_links.txt
[1.181s] writing entry points to build/mypkg/mypkg.egg-info/entry_points.txt
[1.181s] writing requirements to build/mypkg/mypkg.egg-info/requires.txt
[1.182s] writing top-level names to build/mypkg/mypkg.egg-info/top_level.txt
[1.185s] reading manifest file 'build/mypkg/mypkg.egg-info/SOURCES.txt'
[1.188s] writing manifest file 'build/mypkg/mypkg.egg-info/SOURCES.txt'
[1.188s] running build
[1.188s] running build_py
[1.188s] copying mypkg/talker.py -> /home/abcd0315/ros2_ws/src/mypkg/build/mypkg/build/lib/mypkg
[1.190s] copying mypkg/listener.py -> /home/abcd0315/ros2_ws/src/mypkg/build/mypkg/build/lib/mypkg
[1.190s] running install
[1.191s] running install_lib
[1.193s] copying /home/abcd0315/ros2_ws/src/mypkg/build/mypkg/build/lib/mypkg/talker.py -> /home/abcd0315/ros2_ws/src/mypkg/install/mypkg/lib/python3.10/site-packages/mypkg
[1.193s] copying /home/abcd0315/ros2_ws/src/mypkg/build/mypkg/build/lib/mypkg/listener.py -> /home/abcd0315/ros2_ws/src/mypkg/install/mypkg/lib/python3.10/site-packages/mypkg
[1.194s] byte-compiling /home/abcd0315/ros2_ws/src/mypkg/install/mypkg/lib/python3.10/site-packages/mypkg/talker.py to talker.cpython-310.pyc
[1.196s] byte-compiling /home/abcd0315/ros2_ws/src/mypkg/install/mypkg/lib/python3.10/site-packages/mypkg/listener.py to listener.cpython-310.pyc
[1.196s] running install_data
[1.196s] running install_egg_info
[1.199s] removing '/home/abcd0315/ros2_ws/src/mypkg/install/mypkg/lib/python3.10/site-packages/mypkg-0.0.0-py3.10.egg-info' (and everything under it)
[1.199s] Copying build/mypkg/mypkg.egg-info to /home/abcd0315/ros2_ws/src/mypkg/install/mypkg/lib/python3.10/site-packages/mypkg-0.0.0-py3.10.egg-info
[1.202s] running install_scripts
[1.232s] Installing listener script to /home/abcd0315/ros2_ws/src/mypkg/install/mypkg/lib/mypkg
[1.232s] Installing talker script to /home/abcd0315/ros2_ws/src/mypkg/install/mypkg/lib/mypkg
[1.233s] writing list of installed files to '/home/abcd0315/ros2_ws/src/mypkg/build/mypkg/install.log'
[1.270s] Invoked command in '/home/abcd0315/ros2_ws/src/mypkg' returned '0': CONDA_PROMPT_MODIFIER=(base) PYTHONPATH=/home/abcd0315/ros2_ws/src/mypkg/build/mypkg/prefix_override:/usr/lib/python3/dist-packages/colcon_core/task/python/colcon_distutils_commands:/home/abcd0315/ros2_ws/src/mypkg/install/mypkg/lib/python3.10/site-packages:${PYTHONPATH} /usr/bin/python3 -W ignore:setup.py install is deprecated -W ignore:easy_install command is deprecated setup.py egg_info --egg-base build/mypkg build --build-base /home/abcd0315/ros2_ws/src/mypkg/build/mypkg/build install --record /home/abcd0315/ros2_ws/src/mypkg/build/mypkg/install.log --single-version-externally-managed install_data
