[0.925s] Invoking command in '/home/abcd0315/ros2_ws/src/mypkg': CONDA_PROMPT_MODIFIER=(base) PYTHONPATH=/home/abcd0315/ros2_ws/src/mypkg/build/mypkg/prefix_override:/usr/lib/python3/dist-packages/colcon_core/task/python/colcon_distutils_commands:/home/abcd0315/ros2_ws/src/mypkg/install/mypkg/lib/python3.10/site-packages:${PYTHONPATH} /usr/bin/python3 -W ignore:setup.py install is deprecated -W ignore:easy_install command is deprecated setup.py egg_info --egg-base build/mypkg build --build-base /home/abcd0315/ros2_ws/src/mypkg/build/mypkg/build install --record /home/abcd0315/ros2_ws/src/mypkg/build/mypkg/install.log --single-version-externally-managed install_data
[1.191s] running egg_info
[1.192s] creating build/mypkg/mypkg.egg-info
[1.193s] writing build/mypkg/mypkg.egg-info/PKG-INFO
[1.193s] writing dependency_links to build/mypkg/mypkg.egg-info/dependency_links.txt
[1.193s] writing entry points to build/mypkg/mypkg.egg-info/entry_points.txt
[1.194s] writing requirements to build/mypkg/mypkg.egg-info/requires.txt
[1.194s] writing top-level names to build/mypkg/mypkg.egg-info/top_level.txt
[1.194s] writing manifest file 'build/mypkg/mypkg.egg-info/SOURCES.txt'
[1.196s] reading manifest file 'build/mypkg/mypkg.egg-info/SOURCES.txt'
[1.197s] writing manifest file 'build/mypkg/mypkg.egg-info/SOURCES.txt'
[1.198s] running build
[1.198s] running build_py
[1.198s] creating /home/abcd0315/ros2_ws/src/mypkg/build/mypkg/build
[1.198s] creating /home/abcd0315/ros2_ws/src/mypkg/build/mypkg/build/lib
[1.198s] creating /home/abcd0315/ros2_ws/src/mypkg/build/mypkg/build/lib/mypkg
[1.199s] copying mypkg/__init__.py -> /home/abcd0315/ros2_ws/src/mypkg/build/mypkg/build/lib/mypkg
[1.199s] copying mypkg/talker.py -> /home/abcd0315/ros2_ws/src/mypkg/build/mypkg/build/lib/mypkg
[1.199s] running install
[1.200s] running install_lib
[1.201s] creating /home/abcd0315/ros2_ws/src/mypkg/install/mypkg/lib/python3.10/site-packages/mypkg
[1.201s] copying /home/abcd0315/ros2_ws/src/mypkg/build/mypkg/build/lib/mypkg/__init__.py -> /home/abcd0315/ros2_ws/src/mypkg/install/mypkg/lib/python3.10/site-packages/mypkg
[1.201s] copying /home/abcd0315/ros2_ws/src/mypkg/build/mypkg/build/lib/mypkg/talker.py -> /home/abcd0315/ros2_ws/src/mypkg/install/mypkg/lib/python3.10/site-packages/mypkg
[1.202s] byte-compiling /home/abcd0315/ros2_ws/src/mypkg/install/mypkg/lib/python3.10/site-packages/mypkg/__init__.py to __init__.cpython-310.pyc
[1.202s] byte-compiling /home/abcd0315/ros2_ws/src/mypkg/install/mypkg/lib/python3.10/site-packages/mypkg/talker.py to talker.cpython-310.pyc
[1.202s] running install_data
[1.202s] creating /home/abcd0315/ros2_ws/src/mypkg/install/mypkg/share
[1.203s] creating /home/abcd0315/ros2_ws/src/mypkg/install/mypkg/share/ament_index
[1.204s] creating /home/abcd0315/ros2_ws/src/mypkg/install/mypkg/share/ament_index/resource_index
[1.204s] creating /home/abcd0315/ros2_ws/src/mypkg/install/mypkg/share/ament_index/resource_index/packages
[1.205s] copying resource/mypkg -> /home/abcd0315/ros2_ws/src/mypkg/install/mypkg/share/ament_index/resource_index/packages
[1.206s] creating /home/abcd0315/ros2_ws/src/mypkg/install/mypkg/share/mypkg
[1.206s] copying package.xml -> /home/abcd0315/ros2_ws/src/mypkg/install/mypkg/share/mypkg
[1.206s] running install_egg_info
[1.211s] Copying build/mypkg/mypkg.egg-info to /home/abcd0315/ros2_ws/src/mypkg/install/mypkg/lib/python3.10/site-packages/mypkg-0.0.0-py3.10.egg-info
[1.213s] running install_scripts
[1.243s] Installing listener script to /home/abcd0315/ros2_ws/src/mypkg/install/mypkg/lib/mypkg
[1.244s] Installing talker script to /home/abcd0315/ros2_ws/src/mypkg/install/mypkg/lib/mypkg
[1.245s] writing list of installed files to '/home/abcd0315/ros2_ws/src/mypkg/build/mypkg/install.log'
[1.281s] Invoked command in '/home/abcd0315/ros2_ws/src/mypkg' returned '0': CONDA_PROMPT_MODIFIER=(base) PYTHONPATH=/home/abcd0315/ros2_ws/src/mypkg/build/mypkg/prefix_override:/usr/lib/python3/dist-packages/colcon_core/task/python/colcon_distutils_commands:/home/abcd0315/ros2_ws/src/mypkg/install/mypkg/lib/python3.10/site-packages:${PYTHONPATH} /usr/bin/python3 -W ignore:setup.py install is deprecated -W ignore:easy_install command is deprecated setup.py egg_info --egg-base build/mypkg build --build-base /home/abcd0315/ros2_ws/src/mypkg/build/mypkg/build install --record /home/abcd0315/ros2_ws/src/mypkg/build/mypkg/install.log --single-version-externally-managed install_data
